# JRE version: Java(TM) SE Runtime Environment 18.9 (11.0.19+9) (build 11.0.19+9-LTS-224)
# Java VM: Java HotSpot(TM) 64-Bit Server VM 18.9 (11.0.19+9-LTS-224, mixed mode, tiered, compressed oops, g1 gc, windows-amd64)
Heap:
 garbage-first heap   total 318464K, used 102834K [0x0000000091000000, 0x0000000100000000)
  region size 1024K, 10 young (10240K), 10 survivors (10240K)
 Metaspace       used 17780K, capacity 18082K, committed 18304K, reserved 1064960K
  class space    used 1708K, capacity 1829K, committed 1920K, reserved 1048576K
GC Heap History (10 events):
Event: 22.039 GC heap after
{Heap after GC invocations=66 (full 0):
 garbage-first heap   total 265216K, used 77824K [0x0000000091000000, 0x0000000100000000)
  region size 1024K, 5 young (5120K), 5 survivors (5120K)
 Metaspace       used 16304K, capacity 16582K, committed 16640K, reserved 1064960K
  class space    used 1625K, capacity 1749K, committed 1792K, reserved 1048576K
}
Event: 24.845 GC heap before
{Heap before GC invocations=66 (full 0):
 garbage-first heap   total 265216K, used 117760K [0x0000000091000000, 0x0000000100000000)
  region size 1024K, 42 young (43008K), 5 survivors (5120K)
 Metaspace       used 16743K, capacity 17061K, committed 17152K, reserved 1064960K
  class space    used 1628K, capacity 1751K, committed 1792K, reserved 1048576K
}
Event: 24.897 GC heap after
{Heap after GC invocations=67 (full 0):
 garbage-first heap   total 265216K, used 86528K [0x0000000091000000, 0x0000000100000000)
  region size 1024K, 6 young (6144K), 6 survivors (6144K)
 Metaspace       used 16743K, capacity 17061K, committed 17152K, reserved 1064960K
  class space    used 1628K, capacity 1751K, committed 1792K, reserved 1048576K
}
Event: 26.378 GC heap before
{Heap before GC invocations=67 (full 0):
 garbage-first heap   total 265216K, used 128512K [0x0000000091000000, 0x0000000100000000)
  region size 1024K, 47 young (48128K), 6 survivors (6144K)
 Metaspace       used 16772K, capacity 17061K, committed 17152K, reserved 1064960K
  class space    used 1628K, capacity 1751K, committed 1792K, reserved 1048576K
}
Event: 26.416 GC heap after
{Heap after GC invocations=68 (full 0):
 garbage-first heap   total 265216K, used 89088K [0x0000000091000000, 0x0000000100000000)
  region size 1024K, 3 young (3072K), 3 survivors (3072K)
 Metaspace       used 16772K, capacity 17061K, committed 17152K, reserved 1064960K
  class space    used 1628K, capacity 1751K, committed 1792K, reserved 1048576K
}
Event: 27.634 GC heap before
{Heap before GC invocations=68 (full 0):
 garbage-first heap   total 265216K, used 146432K [0x0000000091000000, 0x0000000100000000)
  region size 1024K, 59 young (60416K), 3 survivors (3072K)
 Metaspace       used 16806K, capacity 17063K, committed 17152K, reserved 1064960K
  class space    used 1628K, capacity 1751K, committed 1792K, reserved 1048576K
}
Event: 27.665 GC heap after
{Heap after GC invocations=69 (full 0):
 garbage-first heap   total 265216K, used 92672K [0x0000000091000000, 0x0000000100000000)
  region size 1024K, 6 young (6144K), 6 survivors (6144K)
 Metaspace       used 16806K, capacity 17063K, committed 17152K, reserved 1064960K
  class space    used 1628K, capacity 1751K, committed 1792K, reserved 1048576K
}
Event: 30.055 GC heap before
{Heap before GC invocations=69 (full 0):
 garbage-first heap   total 265216K, used 167424K [0x0000000091000000, 0x0000000100000000)
  region size 1024K, 79 young (80896K), 6 survivors (6144K)
 Metaspace       used 17770K, capacity 18082K, committed 18304K, reserved 1064960K
  class space    used 1708K, capacity 1829K, committed 1920K, reserved 1048576K
}
Event: 30.116 GC heap after
{Heap after GC invocations=70 (full 0):
 garbage-first heap   total 265216K, used 97783K [0x0000000091000000, 0x0000000100000000)
  region size 1024K, 9 young (9216K), 9 survivors (9216K)
 Metaspace       used 17770K, capacity 18082K, committed 18304K, reserved 1064960K
  class space    used 1708K, capacity 1829K, committed 1920K, reserved 1048576K
}
Event: 31.192 GC heap before
{Heap before GC invocations=70 (full 0):
 garbage-first heap   total 265216K, used 182775K [0x0000000091000000, 0x0000000100000000)
  region size 1024K, 92 young (94208K), 9 survivors (9216K)
 Metaspace       used 17780K, capacity 18082K, committed 18304K, reserved 1064960K
  class space    used 1708K, capacity 1829K, committed 1920K, reserved 1048576K
}

